

Started GET "/" for 127.0.0.1 at 2014-12-05 04:21:34 -0500
Processing by Rails::WelcomeController#index as HTML
  Rendered /Library/Ruby/Gems/2.0.0/gems/railties-4.1.8/lib/rails/templates/rails/welcome/index.html.erb (3.6ms)
Completed 200 OK in 94ms (Views: 55.6ms | ActiveRecord: 0.0ms)


Started GET "/welcome/index" for 127.0.0.1 at 2014-12-05 04:35:23 -0500
Processing by WelcomeController#index as HTML
  Rendered welcome/index.html.erb within layouts/application (3.7ms)
Completed 200 OK in 3854ms (Views: 3851.0ms | ActiveRecord: 0.0ms)


Started GET "/assets/turbolinks.js?body=1" for 127.0.0.1 at 2014-12-05 04:35:28 -0500


Started GET "/assets/welcome.js?body=1" for 127.0.0.1 at 2014-12-05 04:35:28 -0500


Started GET "/assets/welcome.css?body=1" for 127.0.0.1 at 2014-12-05 04:35:28 -0500


Started GET "/assets/jquery_ujs.js?body=1" for 127.0.0.1 at 2014-12-05 04:35:28 -0500


Started GET "/assets/jquery.js?body=1" for 127.0.0.1 at 2014-12-05 04:35:28 -0500


Started GET "/assets/application.css?body=1" for 127.0.0.1 at 2014-12-05 04:35:28 -0500


Started GET "/assets/application.js?body=1" for 127.0.0.1 at 2014-12-05 04:35:28 -0500


Started GET "/welcome/index" for 127.0.0.1 at 2014-12-05 04:36:34 -0500
Processing by WelcomeController#index as HTML
  Rendered welcome/index.html.erb within layouts/application (0.7ms)
Completed 200 OK in 162ms (Views: 136.0ms | ActiveRecord: 0.0ms)


Started GET "/assets/application.css?body=1" for 127.0.0.1 at 2014-12-05 04:36:34 -0500


Started GET "/assets/jquery.js?body=1" for 127.0.0.1 at 2014-12-05 04:36:34 -0500


Started GET "/assets/welcome.css?body=1" for 127.0.0.1 at 2014-12-05 04:36:34 -0500


Started GET "/assets/jquery_ujs.js?body=1" for 127.0.0.1 at 2014-12-05 04:36:34 -0500


Started GET "/assets/welcome.js?body=1" for 127.0.0.1 at 2014-12-05 04:36:34 -0500


Started GET "/assets/turbolinks.js?body=1" for 127.0.0.1 at 2014-12-05 04:36:34 -0500


Started GET "/assets/application.js?body=1" for 127.0.0.1 at 2014-12-05 04:36:34 -0500


Started GET "/welcome/home.html" for 127.0.0.1 at 2014-12-05 04:36:43 -0500

ActionController::RoutingError (No route matches [GET] "/welcome/home.html"):
  actionpack (4.1.8) lib/action_dispatch/middleware/debug_exceptions.rb:21:in `call'
  actionpack (4.1.8) lib/action_dispatch/middleware/show_exceptions.rb:30:in `call'
  railties (4.1.8) lib/rails/rack/logger.rb:38:in `call_app'
  railties (4.1.8) lib/rails/rack/logger.rb:20:in `block in call'
  activesupport (4.1.8) lib/active_support/tagged_logging.rb:68:in `block in tagged'
  activesupport (4.1.8) lib/active_support/tagged_logging.rb:26:in `tagged'
  activesupport (4.1.8) lib/active_support/tagged_logging.rb:68:in `tagged'
  railties (4.1.8) lib/rails/rack/logger.rb:20:in `call'
  actionpack (4.1.8) lib/action_dispatch/middleware/request_id.rb:21:in `call'
  rack (1.5.2) lib/rack/methodoverride.rb:21:in `call'
  rack (1.5.2) lib/rack/runtime.rb:17:in `call'
  activesupport (4.1.8) lib/active_support/cache/strategy/local_cache_middleware.rb:26:in `call'
  rack (1.5.2) lib/rack/lock.rb:17:in `call'
  actionpack (4.1.8) lib/action_dispatch/middleware/static.rb:84:in `call'
  rack (1.5.2) lib/rack/sendfile.rb:112:in `call'
  railties (4.1.8) lib/rails/engine.rb:514:in `call'
  railties (4.1.8) lib/rails/application.rb:144:in `call'
  rack (1.5.2) lib/rack/lock.rb:17:in `call'
  rack (1.5.2) lib/rack/content_length.rb:14:in `call'
  rack (1.5.2) lib/rack/handler/webrick.rb:60:in `service'
  /System/Library/Frameworks/Ruby.framework/Versions/2.0/usr/lib/ruby/2.0.0/webrick/httpserver.rb:138:in `service'
  /System/Library/Frameworks/Ruby.framework/Versions/2.0/usr/lib/ruby/2.0.0/webrick/httpserver.rb:94:in `run'
  /System/Library/Frameworks/Ruby.framework/Versions/2.0/usr/lib/ruby/2.0.0/webrick/server.rb:295:in `block in start_thread'


  Rendered /Library/Ruby/Gems/2.0.0/gems/actionpack-4.1.8/lib/action_dispatch/middleware/templates/rescues/_trace.html.erb (2.1ms)
  Rendered /Library/Ruby/Gems/2.0.0/gems/actionpack-4.1.8/lib/action_dispatch/middleware/templates/routes/_route.html.erb (1.1ms)
  Rendered /Library/Ruby/Gems/2.0.0/gems/actionpack-4.1.8/lib/action_dispatch/middleware/templates/routes/_table.html.erb (70.7ms)
  Rendered /Library/Ruby/Gems/2.0.0/gems/actionpack-4.1.8/lib/action_dispatch/middleware/templates/rescues/routing_error.html.erb within rescues/layout (186.3ms)


Started GET "/welcome/home.html" for 127.0.0.1 at 2014-12-05 04:36:44 -0500

ActionController::RoutingError (No route matches [GET] "/welcome/home.html"):
  actionpack (4.1.8) lib/action_dispatch/middleware/debug_exceptions.rb:21:in `call'
  actionpack (4.1.8) lib/action_dispatch/middleware/show_exceptions.rb:30:in `call'
  railties (4.1.8) lib/rails/rack/logger.rb:38:in `call_app'
  railties (4.1.8) lib/rails/rack/logger.rb:20:in `block in call'
  activesupport (4.1.8) lib/active_support/tagged_logging.rb:68:in `block in tagged'
  activesupport (4.1.8) lib/active_support/tagged_logging.rb:26:in `tagged'
  activesupport (4.1.8) lib/active_support/tagged_logging.rb:68:in `tagged'
  railties (4.1.8) lib/rails/rack/logger.rb:20:in `call'
  actionpack (4.1.8) lib/action_dispatch/middleware/request_id.rb:21:in `call'
  rack (1.5.2) lib/rack/methodoverride.rb:21:in `call'
  rack (1.5.2) lib/rack/runtime.rb:17:in `call'
  activesupport (4.1.8) lib/active_support/cache/strategy/local_cache_middleware.rb:26:in `call'
  rack (1.5.2) lib/rack/lock.rb:17:in `call'
  actionpack (4.1.8) lib/action_dispatch/middleware/static.rb:84:in `call'
  rack (1.5.2) lib/rack/sendfile.rb:112:in `call'
  railties (4.1.8) lib/rails/engine.rb:514:in `call'
  railties (4.1.8) lib/rails/application.rb:144:in `call'
  rack (1.5.2) lib/rack/lock.rb:17:in `call'
  rack (1.5.2) lib/rack/content_length.rb:14:in `call'
  rack (1.5.2) lib/rack/handler/webrick.rb:60:in `service'
  /System/Library/Frameworks/Ruby.framework/Versions/2.0/usr/lib/ruby/2.0.0/webrick/httpserver.rb:138:in `service'
  /System/Library/Frameworks/Ruby.framework/Versions/2.0/usr/lib/ruby/2.0.0/webrick/httpserver.rb:94:in `run'
  /System/Library/Frameworks/Ruby.framework/Versions/2.0/usr/lib/ruby/2.0.0/webrick/server.rb:295:in `block in start_thread'


  Rendered /Library/Ruby/Gems/2.0.0/gems/actionpack-4.1.8/lib/action_dispatch/middleware/templates/rescues/_trace.html.erb (1.1ms)
  Rendered /Library/Ruby/Gems/2.0.0/gems/actionpack-4.1.8/lib/action_dispatch/middleware/templates/routes/_route.html.erb (1.6ms)
  Rendered /Library/Ruby/Gems/2.0.0/gems/actionpack-4.1.8/lib/action_dispatch/middleware/templates/routes/_table.html.erb (1.2ms)
  Rendered /Library/Ruby/Gems/2.0.0/gems/actionpack-4.1.8/lib/action_dispatch/middleware/templates/rescues/routing_error.html.erb within rescues/layout (17.4ms)


Started GET "/" for 127.0.0.1 at 2014-12-05 04:37:39 -0500
Processing by WelcomeController#index as HTML
  Rendered welcome/index.html.erb within layouts/application (0.1ms)
Completed 200 OK in 128ms (Views: 126.6ms | ActiveRecord: 0.0ms)


Started GET "/assets/welcome.css?body=1" for 127.0.0.1 at 2014-12-05 04:37:40 -0500


Started GET "/assets/application.css?body=1" for 127.0.0.1 at 2014-12-05 04:37:40 -0500


Started GET "/assets/jquery_ujs.js?body=1" for 127.0.0.1 at 2014-12-05 04:37:40 -0500


Started GET "/assets/turbolinks.js?body=1" for 127.0.0.1 at 2014-12-05 04:37:40 -0500


Started GET "/assets/jquery.js?body=1" for 127.0.0.1 at 2014-12-05 04:37:40 -0500


Started GET "/assets/welcome.js?body=1" for 127.0.0.1 at 2014-12-05 04:37:40 -0500


Started GET "/assets/application.js?body=1" for 127.0.0.1 at 2014-12-05 04:37:40 -0500


Started GET "/articles/new" for 127.0.0.1 at 2014-12-05 04:46:32 -0500

ActionController::RoutingError (No route matches [GET] "/articles/new"):
  actionpack (4.1.8) lib/action_dispatch/middleware/debug_exceptions.rb:21:in `call'
  actionpack (4.1.8) lib/action_dispatch/middleware/show_exceptions.rb:30:in `call'
  railties (4.1.8) lib/rails/rack/logger.rb:38:in `call_app'
  railties (4.1.8) lib/rails/rack/logger.rb:20:in `block in call'
  activesupport (4.1.8) lib/active_support/tagged_logging.rb:68:in `block in tagged'
  activesupport (4.1.8) lib/active_support/tagged_logging.rb:26:in `tagged'
  activesupport (4.1.8) lib/active_support/tagged_logging.rb:68:in `tagged'
  railties (4.1.8) lib/rails/rack/logger.rb:20:in `call'
  actionpack (4.1.8) lib/action_dispatch/middleware/request_id.rb:21:in `call'
  rack (1.5.2) lib/rack/methodoverride.rb:21:in `call'
  rack (1.5.2) lib/rack/runtime.rb:17:in `call'
  activesupport (4.1.8) lib/active_support/cache/strategy/local_cache_middleware.rb:26:in `call'
  rack (1.5.2) lib/rack/lock.rb:17:in `call'
  actionpack (4.1.8) lib/action_dispatch/middleware/static.rb:84:in `call'
  rack (1.5.2) lib/rack/sendfile.rb:112:in `call'
  railties (4.1.8) lib/rails/engine.rb:514:in `call'
  railties (4.1.8) lib/rails/application.rb:144:in `call'
  rack (1.5.2) lib/rack/lock.rb:17:in `call'
  rack (1.5.2) lib/rack/content_length.rb:14:in `call'
  rack (1.5.2) lib/rack/handler/webrick.rb:60:in `service'
  /System/Library/Frameworks/Ruby.framework/Versions/2.0/usr/lib/ruby/2.0.0/webrick/httpserver.rb:138:in `service'
  /System/Library/Frameworks/Ruby.framework/Versions/2.0/usr/lib/ruby/2.0.0/webrick/httpserver.rb:94:in `run'
  /System/Library/Frameworks/Ruby.framework/Versions/2.0/usr/lib/ruby/2.0.0/webrick/server.rb:295:in `block in start_thread'


  Rendered /Library/Ruby/Gems/2.0.0/gems/actionpack-4.1.8/lib/action_dispatch/middleware/templates/rescues/_trace.html.erb (1.3ms)
  Rendered /Library/Ruby/Gems/2.0.0/gems/actionpack-4.1.8/lib/action_dispatch/middleware/templates/routes/_route.html.erb (1.6ms)
  Rendered /Library/Ruby/Gems/2.0.0/gems/actionpack-4.1.8/lib/action_dispatch/middleware/templates/routes/_table.html.erb (1.3ms)
  Rendered /Library/Ruby/Gems/2.0.0/gems/actionpack-4.1.8/lib/action_dispatch/middleware/templates/rescues/routing_error.html.erb within rescues/layout (36.8ms)


Started GET "/rides/new" for 127.0.0.1 at 2014-12-05 04:46:43 -0500
Processing by RidesController#new as HTML
Completed 500 Internal Server Error in 33ms

ActionView::MissingTemplate (Missing template rides/new, application/new with {:locale=>[:en], :formats=>[:html], :variants=>[], :handlers=>[:erb, :builder, :raw, :ruby, :coffee, :jbuilder]}. Searched in:
  * "/Users/mkerem/Documents/test/blog/app/views"
):
  actionview (4.1.8) lib/action_view/path_set.rb:46:in `find'
  actionview (4.1.8) lib/action_view/lookup_context.rb:124:in `find'
  actionview (4.1.8) lib/action_view/renderer/abstract_renderer.rb:18:in `find_template'
  actionview (4.1.8) lib/action_view/renderer/template_renderer.rb:41:in `determine_template'
  actionview (4.1.8) lib/action_view/renderer/template_renderer.rb:8:in `render'
  actionview (4.1.8) lib/action_view/renderer/renderer.rb:42:in `render_template'
  actionview (4.1.8) lib/action_view/renderer/renderer.rb:23:in `render'
  actionview (4.1.8) lib/action_view/rendering.rb:99:in `_render_template'
  actionpack (4.1.8) lib/action_controller/metal/streaming.rb:217:in `_render_template'
  actionview (4.1.8) lib/action_view/rendering.rb:82:in `render_to_body'
  actionpack (4.1.8) lib/action_controller/metal/rendering.rb:32:in `render_to_body'
  actionpack (4.1.8) lib/action_controller/metal/renderers.rb:32:in `render_to_body'
  actionpack (4.1.8) lib/abstract_controller/rendering.rb:25:in `render'
  actionpack (4.1.8) lib/action_controller/metal/rendering.rb:16:in `render'
  actionpack (4.1.8) lib/action_controller/metal/instrumentation.rb:41:in `block (2 levels) in render'
  activesupport (4.1.8) lib/active_support/core_ext/benchmark.rb:12:in `block in ms'
  /System/Library/Frameworks/Ruby.framework/Versions/2.0/usr/lib/ruby/2.0.0/benchmark.rb:296:in `realtime'
  activesupport (4.1.8) lib/active_support/core_ext/benchmark.rb:12:in `ms'
  actionpack (4.1.8) lib/action_controller/metal/instrumentation.rb:41:in `block in render'
  actionpack (4.1.8) lib/action_controller/metal/instrumentation.rb:84:in `cleanup_view_runtime'
  activerecord (4.1.8) lib/active_record/railties/controller_runtime.rb:25:in `cleanup_view_runtime'
  actionpack (4.1.8) lib/action_controller/metal/instrumentation.rb:40:in `render'
  actionpack (4.1.8) lib/action_controller/metal/implicit_render.rb:10:in `default_render'
  actionpack (4.1.8) lib/action_controller/metal/implicit_render.rb:5:in `send_action'
  actionpack (4.1.8) lib/abstract_controller/base.rb:189:in `process_action'
  actionpack (4.1.8) lib/action_controller/metal/rendering.rb:10:in `process_action'
  actionpack (4.1.8) lib/abstract_controller/callbacks.rb:20:in `block in process_action'
  activesupport (4.1.8) lib/active_support/callbacks.rb:113:in `call'
  activesupport (4.1.8) lib/active_support/callbacks.rb:113:in `call'
  activesupport (4.1.8) lib/active_support/callbacks.rb:229:in `block in halting'
  activesupport (4.1.8) lib/active_support/callbacks.rb:229:in `call'
  activesupport (4.1.8) lib/active_support/callbacks.rb:229:in `block in halting'
  activesupport (4.1.8) lib/active_support/callbacks.rb:166:in `call'
  activesupport (4.1.8) lib/active_support/callbacks.rb:166:in `block in halting'
  activesupport (4.1.8) lib/active_support/callbacks.rb:166:in `call'
  activesupport (4.1.8) lib/active_support/callbacks.rb:166:in `block in halting'
  activesupport (4.1.8) lib/active_support/callbacks.rb:166:in `call'
  activesupport (4.1.8) lib/active_support/callbacks.rb:166:in `block in halting'
  activesupport (4.1.8) lib/active_support/callbacks.rb:86:in `call'
  activesupport (4.1.8) lib/active_support/callbacks.rb:86:in `run_callbacks'
  actionpack (4.1.8) lib/abstract_controller/callbacks.rb:19:in `process_action'
  actionpack (4.1.8) lib/action_controller/metal/rescue.rb:29:in `process_action'
  actionpack (4.1.8) lib/action_controller/metal/instrumentation.rb:31:in `block in process_action'
  activesupport (4.1.8) lib/active_support/notifications.rb:159:in `block in instrument'
  activesupport (4.1.8) lib/active_support/notifications/instrumenter.rb:20:in `instrument'
  activesupport (4.1.8) lib/active_support/notifications.rb:159:in `instrument'
  actionpack (4.1.8) lib/action_controller/metal/instrumentation.rb:30:in `process_action'
  actionpack (4.1.8) lib/action_controller/metal/params_wrapper.rb:250:in `process_action'
  activerecord (4.1.8) lib/active_record/railties/controller_runtime.rb:18:in `process_action'
  actionpack (4.1.8) lib/abstract_controller/base.rb:136:in `process'
  actionview (4.1.8) lib/action_view/rendering.rb:30:in `process'
  actionpack (4.1.8) lib/action_controller/metal.rb:196:in `dispatch'
  actionpack (4.1.8) lib/action_controller/metal/rack_delegation.rb:13:in `dispatch'
  actionpack (4.1.8) lib/action_controller/metal.rb:232:in `block in action'
  actionpack (4.1.8) lib/action_dispatch/routing/route_set.rb:82:in `call'
  actionpack (4.1.8) lib/action_dispatch/routing/route_set.rb:82:in `dispatch'
  actionpack (4.1.8) lib/action_dispatch/routing/route_set.rb:50:in `call'
  actionpack (4.1.8) lib/action_dispatch/journey/router.rb:73:in `block in call'
  actionpack (4.1.8) lib/action_dispatch/journey/router.rb:59:in `each'
  actionpack (4.1.8) lib/action_dispatch/journey/router.rb:59:in `call'
  actionpack (4.1.8) lib/action_dispatch/routing/route_set.rb:678:in `call'
  rack (1.5.2) lib/rack/etag.rb:23:in `call'
  rack (1.5.2) lib/rack/conditionalget.rb:25:in `call'
  rack (1.5.2) lib/rack/head.rb:11:in `call'
  actionpack (4.1.8) lib/action_dispatch/middleware/params_parser.rb:27:in `call'
  actionpack (4.1.8) lib/action_dispatch/middleware/flash.rb:254:in `call'
  rack (1.5.2) lib/rack/session/abstract/id.rb:225:in `context'
  rack (1.5.2) lib/rack/session/abstract/id.rb:220:in `call'
  actionpack (4.1.8) lib/action_dispatch/middleware/cookies.rb:560:in `call'
  activerecord (4.1.8) lib/active_record/query_cache.rb:36:in `call'
  activerecord (4.1.8) lib/active_record/connection_adapters/abstract/connection_pool.rb:621:in `call'
  activerecord (4.1.8) lib/active_record/migration.rb:380:in `call'
  actionpack (4.1.8) lib/action_dispatch/middleware/callbacks.rb:29:in `block in call'
  activesupport (4.1.8) lib/active_support/callbacks.rb:82:in `run_callbacks'
  actionpack (4.1.8) lib/action_dispatch/middleware/callbacks.rb:27:in `call'
  actionpack (4.1.8) lib/action_dispatch/middleware/reloader.rb:73:in `call'
  actionpack (4.1.8) lib/action_dispatch/middleware/remote_ip.rb:76:in `call'
  actionpack (4.1.8) lib/action_dispatch/middleware/debug_exceptions.rb:17:in `call'
  actionpack (4.1.8) lib/action_dispatch/middleware/show_exceptions.rb:30:in `call'
  railties (4.1.8) lib/rails/rack/logger.rb:38:in `call_app'
  railties (4.1.8) lib/rails/rack/logger.rb:20:in `block in call'
  activesupport (4.1.8) lib/active_support/tagged_logging.rb:68:in `block in tagged'
  activesupport (4.1.8) lib/active_support/tagged_logging.rb:26:in `tagged'
  activesupport (4.1.8) lib/active_support/tagged_logging.rb:68:in `tagged'
  railties (4.1.8) lib/rails/rack/logger.rb:20:in `call'
  actionpack (4.1.8) lib/action_dispatch/middleware/request_id.rb:21:in `call'
  rack (1.5.2) lib/rack/methodoverride.rb:21:in `call'
  rack (1.5.2) lib/rack/runtime.rb:17:in `call'
  activesupport (4.1.8) lib/active_support/cache/strategy/local_cache_middleware.rb:26:in `call'
  rack (1.5.2) lib/rack/lock.rb:17:in `call'
  actionpack (4.1.8) lib/action_dispatch/middleware/static.rb:84:in `call'
  rack (1.5.2) lib/rack/sendfile.rb:112:in `call'
  railties (4.1.8) lib/rails/engine.rb:514:in `call'
  railties (4.1.8) lib/rails/application.rb:144:in `call'
  rack (1.5.2) lib/rack/lock.rb:17:in `call'
  rack (1.5.2) lib/rack/content_length.rb:14:in `call'
  rack (1.5.2) lib/rack/handler/webrick.rb:60:in `service'
  /System/Library/Frameworks/Ruby.framework/Versions/2.0/usr/lib/ruby/2.0.0/webrick/httpserver.rb:138:in `service'
  /System/Library/Frameworks/Ruby.framework/Versions/2.0/usr/lib/ruby/2.0.0/webrick/httpserver.rb:94:in `run'
  /System/Library/Frameworks/Ruby.framework/Versions/2.0/usr/lib/ruby/2.0.0/webrick/server.rb:295:in `block in start_thread'


  Rendered /Library/Ruby/Gems/2.0.0/gems/actionpack-4.1.8/lib/action_dispatch/middleware/templates/rescues/missing_template.html.erb within rescues/layout (0.5ms)


Started GET "/rides" for 127.0.0.1 at 2014-12-05 04:49:09 -0500

AbstractController::ActionNotFound (The action 'index' could not be found for RidesController):
  actionpack (4.1.8) lib/abstract_controller/base.rb:131:in `process'
  actionview (4.1.8) lib/action_view/rendering.rb:30:in `process'
  actionpack (4.1.8) lib/action_controller/metal.rb:196:in `dispatch'
  actionpack (4.1.8) lib/action_controller/metal/rack_delegation.rb:13:in `dispatch'
  actionpack (4.1.8) lib/action_controller/metal.rb:232:in `block in action'
  actionpack (4.1.8) lib/action_dispatch/routing/route_set.rb:82:in `call'
  actionpack (4.1.8) lib/action_dispatch/routing/route_set.rb:82:in `dispatch'
  actionpack (4.1.8) lib/action_dispatch/routing/route_set.rb:50:in `call'
  actionpack (4.1.8) lib/action_dispatch/journey/router.rb:73:in `block in call'
  actionpack (4.1.8) lib/action_dispatch/journey/router.rb:59:in `each'
  actionpack (4.1.8) lib/action_dispatch/journey/router.rb:59:in `call'
  actionpack (4.1.8) lib/action_dispatch/routing/route_set.rb:678:in `call'
  rack (1.5.2) lib/rack/etag.rb:23:in `call'
  rack (1.5.2) lib/rack/conditionalget.rb:25:in `call'
  rack (1.5.2) lib/rack/head.rb:11:in `call'
  actionpack (4.1.8) lib/action_dispatch/middleware/params_parser.rb:27:in `call'
  actionpack (4.1.8) lib/action_dispatch/middleware/flash.rb:254:in `call'
  rack (1.5.2) lib/rack/session/abstract/id.rb:225:in `context'
  rack (1.5.2) lib/rack/session/abstract/id.rb:220:in `call'
  actionpack (4.1.8) lib/action_dispatch/middleware/cookies.rb:560:in `call'
  activerecord (4.1.8) lib/active_record/query_cache.rb:36:in `call'
  activerecord (4.1.8) lib/active_record/connection_adapters/abstract/connection_pool.rb:621:in `call'
  activerecord (4.1.8) lib/active_record/migration.rb:380:in `call'
  actionpack (4.1.8) lib/action_dispatch/middleware/callbacks.rb:29:in `block in call'
  activesupport (4.1.8) lib/active_support/callbacks.rb:82:in `run_callbacks'
  actionpack (4.1.8) lib/action_dispatch/middleware/callbacks.rb:27:in `call'
  actionpack (4.1.8) lib/action_dispatch/middleware/reloader.rb:73:in `call'
  actionpack (4.1.8) lib/action_dispatch/middleware/remote_ip.rb:76:in `call'
  actionpack (4.1.8) lib/action_dispatch/middleware/debug_exceptions.rb:17:in `call'
  actionpack (4.1.8) lib/action_dispatch/middleware/show_exceptions.rb:30:in `call'
  railties (4.1.8) lib/rails/rack/logger.rb:38:in `call_app'
  railties (4.1.8) lib/rails/rack/logger.rb:20:in `block in call'
  activesupport (4.1.8) lib/active_support/tagged_logging.rb:68:in `block in tagged'
  activesupport (4.1.8) lib/active_support/tagged_logging.rb:26:in `tagged'
  activesupport (4.1.8) lib/active_support/tagged_logging.rb:68:in `tagged'
  railties (4.1.8) lib/rails/rack/logger.rb:20:in `call'
  actionpack (4.1.8) lib/action_dispatch/middleware/request_id.rb:21:in `call'
  rack (1.5.2) lib/rack/methodoverride.rb:21:in `call'
  rack (1.5.2) lib/rack/runtime.rb:17:in `call'
  activesupport (4.1.8) lib/active_support/cache/strategy/local_cache_middleware.rb:26:in `call'
  rack (1.5.2) lib/rack/lock.rb:17:in `call'
  actionpack (4.1.8) lib/action_dispatch/middleware/static.rb:84:in `call'
  rack (1.5.2) lib/rack/sendfile.rb:112:in `call'
  railties (4.1.8) lib/rails/engine.rb:514:in `call'
  railties (4.1.8) lib/rails/application.rb:144:in `call'
  rack (1.5.2) lib/rack/lock.rb:17:in `call'
  rack (1.5.2) lib/rack/content_length.rb:14:in `call'
  rack (1.5.2) lib/rack/handler/webrick.rb:60:in `service'
  /System/Library/Frameworks/Ruby.framework/Versions/2.0/usr/lib/ruby/2.0.0/webrick/httpserver.rb:138:in `service'
  /System/Library/Frameworks/Ruby.framework/Versions/2.0/usr/lib/ruby/2.0.0/webrick/httpserver.rb:94:in `run'
  /System/Library/Frameworks/Ruby.framework/Versions/2.0/usr/lib/ruby/2.0.0/webrick/server.rb:295:in `block in start_thread'


  Rendered /Library/Ruby/Gems/2.0.0/gems/actionpack-4.1.8/lib/action_dispatch/middleware/templates/rescues/unknown_action.html.erb within rescues/layout (0.5ms)


Started GET "/rides/ne" for 127.0.0.1 at 2014-12-05 04:49:12 -0500

AbstractController::ActionNotFound (The action 'show' could not be found for RidesController):
  actionpack (4.1.8) lib/abstract_controller/base.rb:131:in `process'
  actionview (4.1.8) lib/action_view/rendering.rb:30:in `process'
  actionpack (4.1.8) lib/action_controller/metal.rb:196:in `dispatch'
  actionpack (4.1.8) lib/action_controller/metal/rack_delegation.rb:13:in `dispatch'
  actionpack (4.1.8) lib/action_controller/metal.rb:232:in `block in action'
  actionpack (4.1.8) lib/action_dispatch/routing/route_set.rb:82:in `call'
  actionpack (4.1.8) lib/action_dispatch/routing/route_set.rb:82:in `dispatch'
  actionpack (4.1.8) lib/action_dispatch/routing/route_set.rb:50:in `call'
  actionpack (4.1.8) lib/action_dispatch/journey/router.rb:73:in `block in call'
  actionpack (4.1.8) lib/action_dispatch/journey/router.rb:59:in `each'
  actionpack (4.1.8) lib/action_dispatch/journey/router.rb:59:in `call'
  actionpack (4.1.8) lib/action_dispatch/routing/route_set.rb:678:in `call'
  rack (1.5.2) lib/rack/etag.rb:23:in `call'
  rack (1.5.2) lib/rack/conditionalget.rb:25:in `call'
  rack (1.5.2) lib/rack/head.rb:11:in `call'
  actionpack (4.1.8) lib/action_dispatch/middleware/params_parser.rb:27:in `call'
  actionpack (4.1.8) lib/action_dispatch/middleware/flash.rb:254:in `call'
  rack (1.5.2) lib/rack/session/abstract/id.rb:225:in `context'
  rack (1.5.2) lib/rack/session/abstract/id.rb:220:in `call'
  actionpack (4.1.8) lib/action_dispatch/middleware/cookies.rb:560:in `call'
  activerecord (4.1.8) lib/active_record/query_cache.rb:36:in `call'
  activerecord (4.1.8) lib/active_record/connection_adapters/abstract/connection_pool.rb:621:in `call'
  activerecord (4.1.8) lib/active_record/migration.rb:380:in `call'
  actionpack (4.1.8) lib/action_dispatch/middleware/callbacks.rb:29:in `block in call'
  activesupport (4.1.8) lib/active_support/callbacks.rb:82:in `run_callbacks'
  actionpack (4.1.8) lib/action_dispatch/middleware/callbacks.rb:27:in `call'
  actionpack (4.1.8) lib/action_dispatch/middleware/reloader.rb:73:in `call'
  actionpack (4.1.8) lib/action_dispatch/middleware/remote_ip.rb:76:in `call'
  actionpack (4.1.8) lib/action_dispatch/middleware/debug_exceptions.rb:17:in `call'
  actionpack (4.1.8) lib/action_dispatch/middleware/show_exceptions.rb:30:in `call'
  railties (4.1.8) lib/rails/rack/logger.rb:38:in `call_app'
  railties (4.1.8) lib/rails/rack/logger.rb:20:in `block in call'
  activesupport (4.1.8) lib/active_support/tagged_logging.rb:68:in `block in tagged'
  activesupport (4.1.8) lib/active_support/tagged_logging.rb:26:in `tagged'
  activesupport (4.1.8) lib/active_support/tagged_logging.rb:68:in `tagged'
  railties (4.1.8) lib/rails/rack/logger.rb:20:in `call'
  actionpack (4.1.8) lib/action_dispatch/middleware/request_id.rb:21:in `call'
  rack (1.5.2) lib/rack/methodoverride.rb:21:in `call'
  rack (1.5.2) lib/rack/runtime.rb:17:in `call'
  activesupport (4.1.8) lib/active_support/cache/strategy/local_cache_middleware.rb:26:in `call'
  rack (1.5.2) lib/rack/lock.rb:17:in `call'
  actionpack (4.1.8) lib/action_dispatch/middleware/static.rb:84:in `call'
  rack (1.5.2) lib/rack/sendfile.rb:112:in `call'
  railties (4.1.8) lib/rails/engine.rb:514:in `call'
  railties (4.1.8) lib/rails/application.rb:144:in `call'
  rack (1.5.2) lib/rack/lock.rb:17:in `call'
  rack (1.5.2) lib/rack/content_length.rb:14:in `call'
  rack (1.5.2) lib/rack/handler/webrick.rb:60:in `service'
  /System/Library/Frameworks/Ruby.framework/Versions/2.0/usr/lib/ruby/2.0.0/webrick/httpserver.rb:138:in `service'
  /System/Library/Frameworks/Ruby.framework/Versions/2.0/usr/lib/ruby/2.0.0/webrick/httpserver.rb:94:in `run'
  /System/Library/Frameworks/Ruby.framework/Versions/2.0/usr/lib/ruby/2.0.0/webrick/server.rb:295:in `block in start_thread'


  Rendered /Library/Ruby/Gems/2.0.0/gems/actionpack-4.1.8/lib/action_dispatch/middleware/templates/rescues/unknown_action.html.erb within rescues/layout (0.5ms)


Started GET "/rides/new" for 127.0.0.1 at 2014-12-05 04:49:14 -0500
Processing by RidesController#new as HTML
  Rendered rides/new.html.erb within layouts/application (0.9ms)
Completed 200 OK in 1296ms (Views: 1294.5ms | ActiveRecord: 0.0ms)


Started GET "/assets/rides.css?body=1" for 127.0.0.1 at 2014-12-05 04:49:16 -0500


Started GET "/assets/welcome.css?body=1" for 127.0.0.1 at 2014-12-05 04:49:16 -0500


Started GET "/assets/rides.js?body=1" for 127.0.0.1 at 2014-12-05 04:49:16 -0500


Started GET "/assets/application.css?body=1" for 127.0.0.1 at 2014-12-05 04:49:16 -0500


Started GET "/assets/jquery.js?body=1" for 127.0.0.1 at 2014-12-05 04:49:16 -0500


Started GET "/assets/jquery_ujs.js?body=1" for 127.0.0.1 at 2014-12-05 04:49:16 -0500


Started GET "/assets/turbolinks.js?body=1" for 127.0.0.1 at 2014-12-05 04:49:16 -0500


Started GET "/assets/welcome.js?body=1" for 127.0.0.1 at 2014-12-05 04:49:16 -0500


Started GET "/assets/application.js?body=1" for 127.0.0.1 at 2014-12-05 04:49:16 -0500


Started GET "/" for 127.0.0.1 at 2014-12-05 05:02:44 -0500
Processing by WelcomeController#index as HTML
  Rendered welcome/index.html.erb within layouts/application (0.7ms)
Completed 200 OK in 269ms (Views: 221.1ms | ActiveRecord: 0.0ms)


Started GET "/assets/rides.css?body=1" for 127.0.0.1 at 2014-12-05 05:02:44 -0500


Started GET "/assets/welcome.css?body=1" for 127.0.0.1 at 2014-12-05 05:02:44 -0500


Started GET "/assets/turbolinks.js?body=1" for 127.0.0.1 at 2014-12-05 05:02:44 -0500


Started GET "/assets/jquery.js?body=1" for 127.0.0.1 at 2014-12-05 05:02:44 -0500


Started GET "/assets/application.js?body=1" for 127.0.0.1 at 2014-12-05 05:02:44 -0500


Started GET "/assets/jquery_ujs.js?body=1" for 127.0.0.1 at 2014-12-05 05:02:44 -0500


Started GET "/assets/application.css?body=1" for 127.0.0.1 at 2014-12-05 05:02:44 -0500


Started GET "/assets/rides.js?body=1" for 127.0.0.1 at 2014-12-05 05:02:44 -0500


Started GET "/assets/welcome.js?body=1" for 127.0.0.1 at 2014-12-05 05:02:44 -0500


Started GET "/home.html" for 127.0.0.1 at 2014-12-05 05:02:49 -0500

ActionController::RoutingError (No route matches [GET] "/home.html"):
  actionpack (4.1.8) lib/action_dispatch/middleware/debug_exceptions.rb:21:in `call'
  actionpack (4.1.8) lib/action_dispatch/middleware/show_exceptions.rb:30:in `call'
  railties (4.1.8) lib/rails/rack/logger.rb:38:in `call_app'
  railties (4.1.8) lib/rails/rack/logger.rb:20:in `block in call'
  activesupport (4.1.8) lib/active_support/tagged_logging.rb:68:in `block in tagged'
  activesupport (4.1.8) lib/active_support/tagged_logging.rb:26:in `tagged'
  activesupport (4.1.8) lib/active_support/tagged_logging.rb:68:in `tagged'
  railties (4.1.8) lib/rails/rack/logger.rb:20:in `call'
  actionpack (4.1.8) lib/action_dispatch/middleware/request_id.rb:21:in `call'
  rack (1.5.2) lib/rack/methodoverride.rb:21:in `call'
  rack (1.5.2) lib/rack/runtime.rb:17:in `call'
  activesupport (4.1.8) lib/active_support/cache/strategy/local_cache_middleware.rb:26:in `call'
  rack (1.5.2) lib/rack/lock.rb:17:in `call'
  actionpack (4.1.8) lib/action_dispatch/middleware/static.rb:84:in `call'
  rack (1.5.2) lib/rack/sendfile.rb:112:in `call'
  railties (4.1.8) lib/rails/engine.rb:514:in `call'
  railties (4.1.8) lib/rails/application.rb:144:in `call'
  rack (1.5.2) lib/rack/lock.rb:17:in `call'
  rack (1.5.2) lib/rack/content_length.rb:14:in `call'
  rack (1.5.2) lib/rack/handler/webrick.rb:60:in `service'
  /System/Library/Frameworks/Ruby.framework/Versions/2.0/usr/lib/ruby/2.0.0/webrick/httpserver.rb:138:in `service'
  /System/Library/Frameworks/Ruby.framework/Versions/2.0/usr/lib/ruby/2.0.0/webrick/httpserver.rb:94:in `run'
  /System/Library/Frameworks/Ruby.framework/Versions/2.0/usr/lib/ruby/2.0.0/webrick/server.rb:295:in `block in start_thread'


  Rendered /Library/Ruby/Gems/2.0.0/gems/actionpack-4.1.8/lib/action_dispatch/middleware/templates/rescues/_trace.html.erb (1.6ms)
  Rendered /Library/Ruby/Gems/2.0.0/gems/actionpack-4.1.8/lib/action_dispatch/middleware/templates/routes/_route.html.erb (2.5ms)
  Rendered /Library/Ruby/Gems/2.0.0/gems/actionpack-4.1.8/lib/action_dispatch/middleware/templates/routes/_table.html.erb (145.6ms)
  Rendered /Library/Ruby/Gems/2.0.0/gems/actionpack-4.1.8/lib/action_dispatch/middleware/templates/rescues/routing_error.html.erb within rescues/layout (220.8ms)


Started GET "/home.html" for 127.0.0.1 at 2014-12-05 05:02:49 -0500

ActionController::RoutingError (No route matches [GET] "/home.html"):
  actionpack (4.1.8) lib/action_dispatch/middleware/debug_exceptions.rb:21:in `call'
  actionpack (4.1.8) lib/action_dispatch/middleware/show_exceptions.rb:30:in `call'
  railties (4.1.8) lib/rails/rack/logger.rb:38:in `call_app'
  railties (4.1.8) lib/rails/rack/logger.rb:20:in `block in call'
  activesupport (4.1.8) lib/active_support/tagged_logging.rb:68:in `block in tagged'
  activesupport (4.1.8) lib/active_support/tagged_logging.rb:26:in `tagged'
  activesupport (4.1.8) lib/active_support/tagged_logging.rb:68:in `tagged'
  railties (4.1.8) lib/rails/rack/logger.rb:20:in `call'
  actionpack (4.1.8) lib/action_dispatch/middleware/request_id.rb:21:in `call'
  rack (1.5.2) lib/rack/methodoverride.rb:21:in `call'
  rack (1.5.2) lib/rack/runtime.rb:17:in `call'
  activesupport (4.1.8) lib/active_support/cache/strategy/local_cache_middleware.rb:26:in `call'
  rack (1.5.2) lib/rack/lock.rb:17:in `call'
  actionpack (4.1.8) lib/action_dispatch/middleware/static.rb:84:in `call'
  rack (1.5.2) lib/rack/sendfile.rb:112:in `call'
  railties (4.1.8) lib/rails/engine.rb:514:in `call'
  railties (4.1.8) lib/rails/application.rb:144:in `call'
  rack (1.5.2) lib/rack/lock.rb:17:in `call'
  rack (1.5.2) lib/rack/content_length.rb:14:in `call'
  rack (1.5.2) lib/rack/handler/webrick.rb:60:in `service'
  /System/Library/Frameworks/Ruby.framework/Versions/2.0/usr/lib/ruby/2.0.0/webrick/httpserver.rb:138:in `service'
  /System/Library/Frameworks/Ruby.framework/Versions/2.0/usr/lib/ruby/2.0.0/webrick/httpserver.rb:94:in `run'
  /System/Library/Frameworks/Ruby.framework/Versions/2.0/usr/lib/ruby/2.0.0/webrick/server.rb:295:in `block in start_thread'


  Rendered /Library/Ruby/Gems/2.0.0/gems/actionpack-4.1.8/lib/action_dispatch/middleware/templates/rescues/_trace.html.erb (1.0ms)
  Rendered /Library/Ruby/Gems/2.0.0/gems/actionpack-4.1.8/lib/action_dispatch/middleware/templates/routes/_route.html.erb (1.5ms)
  Rendered /Library/Ruby/Gems/2.0.0/gems/actionpack-4.1.8/lib/action_dispatch/middleware/templates/routes/_table.html.erb (1.1ms)
  Rendered /Library/Ruby/Gems/2.0.0/gems/actionpack-4.1.8/lib/action_dispatch/middleware/templates/rescues/routing_error.html.erb within rescues/layout (19.1ms)


Started GET "/new" for 127.0.0.1 at 2014-12-05 05:08:17 -0500

ActionController::RoutingError (No route matches [GET] "/new"):
  actionpack (4.1.8) lib/action_dispatch/middleware/debug_exceptions.rb:21:in `call'
  actionpack (4.1.8) lib/action_dispatch/middleware/show_exceptions.rb:30:in `call'
  railties (4.1.8) lib/rails/rack/logger.rb:38:in `call_app'
  railties (4.1.8) lib/rails/rack/logger.rb:20:in `block in call'
  activesupport (4.1.8) lib/active_support/tagged_logging.rb:68:in `block in tagged'
  activesupport (4.1.8) lib/active_support/tagged_logging.rb:26:in `tagged'
  activesupport (4.1.8) lib/active_support/tagged_logging.rb:68:in `tagged'
  railties (4.1.8) lib/rails/rack/logger.rb:20:in `call'
  actionpack (4.1.8) lib/action_dispatch/middleware/request_id.rb:21:in `call'
  rack (1.5.2) lib/rack/methodoverride.rb:21:in `call'
  rack (1.5.2) lib/rack/runtime.rb:17:in `call'
  activesupport (4.1.8) lib/active_support/cache/strategy/local_cache_middleware.rb:26:in `call'
  rack (1.5.2) lib/rack/lock.rb:17:in `call'
  actionpack (4.1.8) lib/action_dispatch/middleware/static.rb:84:in `call'
  rack (1.5.2) lib/rack/sendfile.rb:112:in `call'
  railties (4.1.8) lib/rails/engine.rb:514:in `call'
  railties (4.1.8) lib/rails/application.rb:144:in `call'
  rack (1.5.2) lib/rack/lock.rb:17:in `call'
  rack (1.5.2) lib/rack/content_length.rb:14:in `call'
  rack (1.5.2) lib/rack/handler/webrick.rb:60:in `service'
  /System/Library/Frameworks/Ruby.framework/Versions/2.0/usr/lib/ruby/2.0.0/webrick/httpserver.rb:138:in `service'
  /System/Library/Frameworks/Ruby.framework/Versions/2.0/usr/lib/ruby/2.0.0/webrick/httpserver.rb:94:in `run'
  /System/Library/Frameworks/Ruby.framework/Versions/2.0/usr/lib/ruby/2.0.0/webrick/server.rb:295:in `block in start_thread'


  Rendered /Library/Ruby/Gems/2.0.0/gems/actionpack-4.1.8/lib/action_dispatch/middleware/templates/rescues/_trace.html.erb (2.3ms)
  Rendered /Library/Ruby/Gems/2.0.0/gems/actionpack-4.1.8/lib/action_dispatch/middleware/templates/routes/_route.html.erb (3.5ms)
  Rendered /Library/Ruby/Gems/2.0.0/gems/actionpack-4.1.8/lib/action_dispatch/middleware/templates/routes/_table.html.erb (2.2ms)
  Rendered /Library/Ruby/Gems/2.0.0/gems/actionpack-4.1.8/lib/action_dispatch/middleware/templates/rescues/routing_error.html.erb within rescues/layout (58.9ms)


Started GET "/rides/new" for 127.0.0.1 at 2014-12-05 05:08:25 -0500
Processing by RidesController#new as HTML
  Rendered rides/new.html.erb within layouts/application (0.2ms)
Completed 200 OK in 367ms (Views: 364.4ms | ActiveRecord: 0.0ms)


Started GET "/assets/rides.css?body=1" for 127.0.0.1 at 2014-12-05 05:08:25 -0500


Started GET "/assets/welcome.css?body=1" for 127.0.0.1 at 2014-12-05 05:08:25 -0500


Started GET "/assets/jquery.js?body=1" for 127.0.0.1 at 2014-12-05 05:08:25 -0500


Started GET "/assets/application.css?body=1" for 127.0.0.1 at 2014-12-05 05:08:25 -0500


Started GET "/assets/turbolinks.js?body=1" for 127.0.0.1 at 2014-12-05 05:08:26 -0500


Started GET "/assets/rides.js?body=1" for 127.0.0.1 at 2014-12-05 05:08:26 -0500


Started GET "/assets/jquery_ujs.js?body=1" for 127.0.0.1 at 2014-12-05 05:08:26 -0500


Started GET "/assets/welcome.js?body=1" for 127.0.0.1 at 2014-12-05 05:08:26 -0500


Started GET "/assets/application.js?body=1" for 127.0.0.1 at 2014-12-05 05:08:26 -0500


Started GET "/rides/form" for 127.0.0.1 at 2014-12-05 05:08:28 -0500

AbstractController::ActionNotFound (The action 'show' could not be found for RidesController):
  actionpack (4.1.8) lib/abstract_controller/base.rb:131:in `process'
  actionview (4.1.8) lib/action_view/rendering.rb:30:in `process'
  actionpack (4.1.8) lib/action_controller/metal.rb:196:in `dispatch'
  actionpack (4.1.8) lib/action_controller/metal/rack_delegation.rb:13:in `dispatch'
  actionpack (4.1.8) lib/action_controller/metal.rb:232:in `block in action'
  actionpack (4.1.8) lib/action_dispatch/routing/route_set.rb:82:in `call'
  actionpack (4.1.8) lib/action_dispatch/routing/route_set.rb:82:in `dispatch'
  actionpack (4.1.8) lib/action_dispatch/routing/route_set.rb:50:in `call'
  actionpack (4.1.8) lib/action_dispatch/journey/router.rb:73:in `block in call'
  actionpack (4.1.8) lib/action_dispatch/journey/router.rb:59:in `each'
  actionpack (4.1.8) lib/action_dispatch/journey/router.rb:59:in `call'
  actionpack (4.1.8) lib/action_dispatch/routing/route_set.rb:678:in `call'
  rack (1.5.2) lib/rack/etag.rb:23:in `call'
  rack (1.5.2) lib/rack/conditionalget.rb:25:in `call'
  rack (1.5.2) lib/rack/head.rb:11:in `call'
  actionpack (4.1.8) lib/action_dispatch/middleware/params_parser.rb:27:in `call'
  actionpack (4.1.8) lib/action_dispatch/middleware/flash.rb:254:in `call'
  rack (1.5.2) lib/rack/session/abstract/id.rb:225:in `context'
  rack (1.5.2) lib/rack/session/abstract/id.rb:220:in `call'
  actionpack (4.1.8) lib/action_dispatch/middleware/cookies.rb:560:in `call'
  activerecord (4.1.8) lib/active_record/query_cache.rb:36:in `call'
  activerecord (4.1.8) lib/active_record/connection_adapters/abstract/connection_pool.rb:621:in `call'
  activerecord (4.1.8) lib/active_record/migration.rb:380:in `call'
  actionpack (4.1.8) lib/action_dispatch/middleware/callbacks.rb:29:in `block in call'
  activesupport (4.1.8) lib/active_support/callbacks.rb:82:in `run_callbacks'
  actionpack (4.1.8) lib/action_dispatch/middleware/callbacks.rb:27:in `call'
  actionpack (4.1.8) lib/action_dispatch/middleware/reloader.rb:73:in `call'
  actionpack (4.1.8) lib/action_dispatch/middleware/remote_ip.rb:76:in `call'
  actionpack (4.1.8) lib/action_dispatch/middleware/debug_exceptions.rb:17:in `call'
  actionpack (4.1.8) lib/action_dispatch/middleware/show_exceptions.rb:30:in `call'
  railties (4.1.8) lib/rails/rack/logger.rb:38:in `call_app'
  railties (4.1.8) lib/rails/rack/logger.rb:20:in `block in call'
  activesupport (4.1.8) lib/active_support/tagged_logging.rb:68:in `block in tagged'
  activesupport (4.1.8) lib/active_support/tagged_logging.rb:26:in `tagged'
  activesupport (4.1.8) lib/active_support/tagged_logging.rb:68:in `tagged'
  railties (4.1.8) lib/rails/rack/logger.rb:20:in `call'
  actionpack (4.1.8) lib/action_dispatch/middleware/request_id.rb:21:in `call'
  rack (1.5.2) lib/rack/methodoverride.rb:21:in `call'
  rack (1.5.2) lib/rack/runtime.rb:17:in `call'
  activesupport (4.1.8) lib/active_support/cache/strategy/local_cache_middleware.rb:26:in `call'
  rack (1.5.2) lib/rack/lock.rb:17:in `call'
  actionpack (4.1.8) lib/action_dispatch/middleware/static.rb:84:in `call'
  rack (1.5.2) lib/rack/sendfile.rb:112:in `call'
  railties (4.1.8) lib/rails/engine.rb:514:in `call'
  railties (4.1.8) lib/rails/application.rb:144:in `call'
  rack (1.5.2) lib/rack/lock.rb:17:in `call'
  rack (1.5.2) lib/rack/content_length.rb:14:in `call'
  rack (1.5.2) lib/rack/handler/webrick.rb:60:in `service'
  /System/Library/Frameworks/Ruby.framework/Versions/2.0/usr/lib/ruby/2.0.0/webrick/httpserver.rb:138:in `service'
  /System/Library/Frameworks/Ruby.framework/Versions/2.0/usr/lib/ruby/2.0.0/webrick/httpserver.rb:94:in `run'
  /System/Library/Frameworks/Ruby.framework/Versions/2.0/usr/lib/ruby/2.0.0/webrick/server.rb:295:in `block in start_thread'


  Rendered /Library/Ruby/Gems/2.0.0/gems/actionpack-4.1.8/lib/action_dispatch/middleware/templates/rescues/unknown_action.html.erb within rescues/layout (0.7ms)


Started GET "/rides/new" for 127.0.0.1 at 2014-12-05 05:10:11 -0500
Processing by RidesController#new as HTML
  Rendered rides/new.html.erb within layouts/application (0.1ms)
Completed 200 OK in 225ms (Views: 223.9ms | ActiveRecord: 0.0ms)


Started GET "/assets/rides.css?body=1" for 127.0.0.1 at 2014-12-05 05:10:12 -0500


Started GET "/assets/application.css?body=1" for 127.0.0.1 at 2014-12-05 05:10:12 -0500


Started GET "/assets/welcome.css?body=1" for 127.0.0.1 at 2014-12-05 05:10:12 -0500


Started GET "/assets/rides.js?body=1" for 127.0.0.1 at 2014-12-05 05:10:12 -0500


Started GET "/assets/jquery.js?body=1" for 127.0.0.1 at 2014-12-05 05:10:12 -0500


Started GET "/assets/jquery_ujs.js?body=1" for 127.0.0.1 at 2014-12-05 05:10:12 -0500


Started GET "/assets/welcome.js?body=1" for 127.0.0.1 at 2014-12-05 05:10:12 -0500


Started GET "/assets/turbolinks.js?body=1" for 127.0.0.1 at 2014-12-05 05:10:12 -0500


Started GET "/assets/application.js?body=1" for 127.0.0.1 at 2014-12-05 05:10:12 -0500


Started GET "/rides/form" for 127.0.0.1 at 2014-12-05 05:10:14 -0500

AbstractController::ActionNotFound (The action 'show' could not be found for RidesController):
  actionpack (4.1.8) lib/abstract_controller/base.rb:131:in `process'
  actionview (4.1.8) lib/action_view/rendering.rb:30:in `process'
  actionpack (4.1.8) lib/action_controller/metal.rb:196:in `dispatch'
  actionpack (4.1.8) lib/action_controller/metal/rack_delegation.rb:13:in `dispatch'
  actionpack (4.1.8) lib/action_controller/metal.rb:232:in `block in action'
  actionpack (4.1.8) lib/action_dispatch/routing/route_set.rb:82:in `call'
  actionpack (4.1.8) lib/action_dispatch/routing/route_set.rb:82:in `dispatch'
  actionpack (4.1.8) lib/action_dispatch/routing/route_set.rb:50:in `call'
  actionpack (4.1.8) lib/action_dispatch/journey/router.rb:73:in `block in call'
  actionpack (4.1.8) lib/action_dispatch/journey/router.rb:59:in `each'
  actionpack (4.1.8) lib/action_dispatch/journey/router.rb:59:in `call'
  actionpack (4.1.8) lib/action_dispatch/routing/route_set.rb:678:in `call'
  rack (1.5.2) lib/rack/etag.rb:23:in `call'
  rack (1.5.2) lib/rack/conditionalget.rb:25:in `call'
  rack (1.5.2) lib/rack/head.rb:11:in `call'
  actionpack (4.1.8) lib/action_dispatch/middleware/params_parser.rb:27:in `call'
  actionpack (4.1.8) lib/action_dispatch/middleware/flash.rb:254:in `call'
  rack (1.5.2) lib/rack/session/abstract/id.rb:225:in `context'
  rack (1.5.2) lib/rack/session/abstract/id.rb:220:in `call'
  actionpack (4.1.8) lib/action_dispatch/middleware/cookies.rb:560:in `call'
  activerecord (4.1.8) lib/active_record/query_cache.rb:36:in `call'
  activerecord (4.1.8) lib/active_record/connection_adapters/abstract/connection_pool.rb:621:in `call'
  activerecord (4.1.8) lib/active_record/migration.rb:380:in `call'
  actionpack (4.1.8) lib/action_dispatch/middleware/callbacks.rb:29:in `block in call'
  activesupport (4.1.8) lib/active_support/callbacks.rb:82:in `run_callbacks'
  actionpack (4.1.8) lib/action_dispatch/middleware/callbacks.rb:27:in `call'
  actionpack (4.1.8) lib/action_dispatch/middleware/reloader.rb:73:in `call'
  actionpack (4.1.8) lib/action_dispatch/middleware/remote_ip.rb:76:in `call'
  actionpack (4.1.8) lib/action_dispatch/middleware/debug_exceptions.rb:17:in `call'
  actionpack (4.1.8) lib/action_dispatch/middleware/show_exceptions.rb:30:in `call'
  railties (4.1.8) lib/rails/rack/logger.rb:38:in `call_app'
  railties (4.1.8) lib/rails/rack/logger.rb:20:in `block in call'
  activesupport (4.1.8) lib/active_support/tagged_logging.rb:68:in `block in tagged'
  activesupport (4.1.8) lib/active_support/tagged_logging.rb:26:in `tagged'
  activesupport (4.1.8) lib/active_support/tagged_logging.rb:68:in `tagged'
  railties (4.1.8) lib/rails/rack/logger.rb:20:in `call'
  actionpack (4.1.8) lib/action_dispatch/middleware/request_id.rb:21:in `call'
  rack (1.5.2) lib/rack/methodoverride.rb:21:in `call'
  rack (1.5.2) lib/rack/runtime.rb:17:in `call'
  activesupport (4.1.8) lib/active_support/cache/strategy/local_cache_middleware.rb:26:in `call'
  rack (1.5.2) lib/rack/lock.rb:17:in `call'
  actionpack (4.1.8) lib/action_dispatch/middleware/static.rb:84:in `call'
  rack (1.5.2) lib/rack/sendfile.rb:112:in `call'
  railties (4.1.8) lib/rails/engine.rb:514:in `call'
  railties (4.1.8) lib/rails/application.rb:144:in `call'
  rack (1.5.2) lib/rack/lock.rb:17:in `call'
  rack (1.5.2) lib/rack/content_length.rb:14:in `call'
  rack (1.5.2) lib/rack/handler/webrick.rb:60:in `service'
  /System/Library/Frameworks/Ruby.framework/Versions/2.0/usr/lib/ruby/2.0.0/webrick/httpserver.rb:138:in `service'
  /System/Library/Frameworks/Ruby.framework/Versions/2.0/usr/lib/ruby/2.0.0/webrick/httpserver.rb:94:in `run'
  /System/Library/Frameworks/Ruby.framework/Versions/2.0/usr/lib/ruby/2.0.0/webrick/server.rb:295:in `block in start_thread'


  Rendered /Library/Ruby/Gems/2.0.0/gems/actionpack-4.1.8/lib/action_dispatch/middleware/templates/rescues/unknown_action.html.erb within rescues/layout (0.8ms)


Started GET "/rides/new" for 127.0.0.1 at 2014-12-05 05:10:48 -0500
Processing by RidesController#new as HTML
  Rendered rides/new.html.erb within layouts/application (0.1ms)
Completed 200 OK in 45ms (Views: 44.8ms | ActiveRecord: 0.0ms)


Started GET "/assets/welcome.css?body=1" for 127.0.0.1 at 2014-12-05 05:10:49 -0500


Started GET "/assets/rides.css?body=1" for 127.0.0.1 at 2014-12-05 05:10:49 -0500


Started GET "/assets/jquery.js?body=1" for 127.0.0.1 at 2014-12-05 05:10:49 -0500


Started GET "/assets/application.css?body=1" for 127.0.0.1 at 2014-12-05 05:10:49 -0500


Started GET "/assets/rides.js?body=1" for 127.0.0.1 at 2014-12-05 05:10:49 -0500


Started GET "/assets/welcome.js?body=1" for 127.0.0.1 at 2014-12-05 05:10:49 -0500


Started GET "/assets/jquery_ujs.js?body=1" for 127.0.0.1 at 2014-12-05 05:10:49 -0500


Started GET "/assets/application.js?body=1" for 127.0.0.1 at 2014-12-05 05:10:49 -0500


Started GET "/assets/turbolinks.js?body=1" for 127.0.0.1 at 2014-12-05 05:10:49 -0500


Started GET "/rides/form" for 127.0.0.1 at 2014-12-05 05:10:51 -0500

AbstractController::ActionNotFound (The action 'show' could not be found for RidesController):
  actionpack (4.1.8) lib/abstract_controller/base.rb:131:in `process'
  actionview (4.1.8) lib/action_view/rendering.rb:30:in `process'
  actionpack (4.1.8) lib/action_controller/metal.rb:196:in `dispatch'
  actionpack (4.1.8) lib/action_controller/metal/rack_delegation.rb:13:in `dispatch'
  actionpack (4.1.8) lib/action_controller/metal.rb:232:in `block in action'
  actionpack (4.1.8) lib/action_dispatch/routing/route_set.rb:82:in `call'
  actionpack (4.1.8) lib/action_dispatch/routing/route_set.rb:82:in `dispatch'
  actionpack (4.1.8) lib/action_dispatch/routing/route_set.rb:50:in `call'
  actionpack (4.1.8) lib/action_dispatch/journey/router.rb:73:in `block in call'
  actionpack (4.1.8) lib/action_dispatch/journey/router.rb:59:in `each'
  actionpack (4.1.8) lib/action_dispatch/journey/router.rb:59:in `call'
  actionpack (4.1.8) lib/action_dispatch/routing/route_set.rb:678:in `call'
  rack (1.5.2) lib/rack/etag.rb:23:in `call'
  rack (1.5.2) lib/rack/conditionalget.rb:25:in `call'
  rack (1.5.2) lib/rack/head.rb:11:in `call'
  actionpack (4.1.8) lib/action_dispatch/middleware/params_parser.rb:27:in `call'
  actionpack (4.1.8) lib/action_dispatch/middleware/flash.rb:254:in `call'
  rack (1.5.2) lib/rack/session/abstract/id.rb:225:in `context'
  rack (1.5.2) lib/rack/session/abstract/id.rb:220:in `call'
  actionpack (4.1.8) lib/action_dispatch/middleware/cookies.rb:560:in `call'
  activerecord (4.1.8) lib/active_record/query_cache.rb:36:in `call'
  activerecord (4.1.8) lib/active_record/connection_adapters/abstract/connection_pool.rb:621:in `call'
  activerecord (4.1.8) lib/active_record/migration.rb:380:in `call'
  actionpack (4.1.8) lib/action_dispatch/middleware/callbacks.rb:29:in `block in call'
  activesupport (4.1.8) lib/active_support/callbacks.rb:82:in `run_callbacks'
  actionpack (4.1.8) lib/action_dispatch/middleware/callbacks.rb:27:in `call'
  actionpack (4.1.8) lib/action_dispatch/middleware/reloader.rb:73:in `call'
  actionpack (4.1.8) lib/action_dispatch/middleware/remote_ip.rb:76:in `call'
  actionpack (4.1.8) lib/action_dispatch/middleware/debug_exceptions.rb:17:in `call'
  actionpack (4.1.8) lib/action_dispatch/middleware/show_exceptions.rb:30:in `call'
  railties (4.1.8) lib/rails/rack/logger.rb:38:in `call_app'
  railties (4.1.8) lib/rails/rack/logger.rb:20:in `block in call'
  activesupport (4.1.8) lib/active_support/tagged_logging.rb:68:in `block in tagged'
  activesupport (4.1.8) lib/active_support/tagged_logging.rb:26:in `tagged'
  activesupport (4.1.8) lib/active_support/tagged_logging.rb:68:in `tagged'
  railties (4.1.8) lib/rails/rack/logger.rb:20:in `call'
  actionpack (4.1.8) lib/action_dispatch/middleware/request_id.rb:21:in `call'
  rack (1.5.2) lib/rack/methodoverride.rb:21:in `call'
  rack (1.5.2) lib/rack/runtime.rb:17:in `call'
  activesupport (4.1.8) lib/active_support/cache/strategy/local_cache_middleware.rb:26:in `call'
  rack (1.5.2) lib/rack/lock.rb:17:in `call'
  actionpack (4.1.8) lib/action_dispatch/middleware/static.rb:84:in `call'
  rack (1.5.2) lib/rack/sendfile.rb:112:in `call'
  railties (4.1.8) lib/rails/engine.rb:514:in `call'
  railties (4.1.8) lib/rails/application.rb:144:in `call'
  rack (1.5.2) lib/rack/lock.rb:17:in `call'
  rack (1.5.2) lib/rack/content_length.rb:14:in `call'
  rack (1.5.2) lib/rack/handler/webrick.rb:60:in `service'
  /System/Library/Frameworks/Ruby.framework/Versions/2.0/usr/lib/ruby/2.0.0/webrick/httpserver.rb:138:in `service'
  /System/Library/Frameworks/Ruby.framework/Versions/2.0/usr/lib/ruby/2.0.0/webrick/httpserver.rb:94:in `run'
  /System/Library/Frameworks/Ruby.framework/Versions/2.0/usr/lib/ruby/2.0.0/webrick/server.rb:295:in `block in start_thread'


  Rendered /Library/Ruby/Gems/2.0.0/gems/actionpack-4.1.8/lib/action_dispatch/middleware/templates/rescues/unknown_action.html.erb within rescues/layout (0.5ms)
